\BOOKMARK [1][-]{section.1}{\376\377\000A\000k\000t\000u\000a\000l\000i\000z\000a\000c\000j\000e}{}% 1
\BOOKMARK [1][-]{section.2}{\376\377\000W\000y\000m\000a\000g\000a\000n\000i\000a\000\040\000o\000g\000\363\000l\000n\000e\000\040\000w\000o\000b\000e\000c\000\040\000s\001\031\000d\000z\000i\000\363\000w}{}% 2
\BOOKMARK [1][-]{section.3}{\376\377\000O\000g\000\363\000l\000n\000e\000\040\000z\000a\000s\000a\000d\000y\000\040\000O\000c\000e\000n\000i\000a\000n\000i\000a}{}% 3
\BOOKMARK [1][-]{section.4}{\376\377\000O\000c\000e\000n\000i\000a\000n\000i\000e\000\040\000e\000l\000e\000m\000e\000n\000t\000\363\000w\000\040\000s\000t\000a\000t\000y\000c\000z\000n\000y\000c\000h}{}% 4
\BOOKMARK [2][-]{subsection.4.1}{\376\377\000T\000a\000b\000e\000l\000a\000\040\000p\000u\000n\000k\000t\000o\000w\000a\000\040\000e\000l\000e\000m\000e\000n\000t\000\363\000w\000\040\000s\000t\000a\000t\000y\000c\000z\000n\000y\000c\000h\000\040\000m\001\031\001\174\000c\000z\000y\000z\000n}{section.4}% 5
\BOOKMARK [2][-]{subsection.4.2}{\376\377\000T\000a\000b\000e\000l\000a\000\040\000p\000u\000n\000k\000t\000o\000w\000a\000\040\000e\000l\000e\000m\000e\000n\000t\000\363\000w\000\040\000s\000t\000a\000t\000y\000c\000z\000n\000y\000c\000h\000\040\000k\000o\000b\000i\000e\000t}{section.4}% 6
\BOOKMARK [1][-]{section.5}{\376\377\000O\000c\000e\000n\000i\000a\000n\000i\000e\000\040\000e\000l\000e\000m\000e\000n\000t\000\363\000w\000\040\000d\000y\000n\000a\000m\000i\000k\000i\000\040\000s\000i\001\102\000o\000w\000e\000j}{}% 7
\BOOKMARK [2][-]{subsection.5.1}{\376\377\000T\000a\000b\000e\000l\000a\000\040\000p\000u\000n\000k\000t\000o\000w\000a\000\040\000e\000l\000e\000m\000e\000n\000t\000\363\000w\000\040\000d\000y\000n\000a\000m\000i\000k\000i\000\040\000s\000i\001\102\000o\000w\000e\000j\000\040\000m\001\031\001\174\000c\000z\000y\000z\000n}{section.5}% 8
\BOOKMARK [2][-]{subsection.5.2}{\376\377\000T\000a\000b\000e\000l\000a\000\040\000p\000u\000n\000k\000t\000o\000w\000a\000\040\000e\000l\000e\000m\000e\000n\000t\000\363\000w\000\040\000d\000y\000n\000a\000m\000i\000k\000i\000\040\000s\000i\001\102\000o\000w\000e\000j\000\040\000k\000o\000b\000i\000e\000t}{section.5}% 9
\BOOKMARK [1][-]{section.6}{\376\377\000O\000c\000e\000n\000a\000\040\000e\000l\000e\000m\000e\000n\000t\000\363\000w\000\040\000d\000y\000n\000a\000m\000i\000k\000i\000\040\000a\000k\000r\000o\000b\000a\000t\000y\000c\000z\000n\000e\000j}{}% 10
\BOOKMARK [2][-]{subsection.6.1}{\376\377\000T\000a\000b\000e\000l\000a\000\040\000p\000u\000n\000k\000t\000o\000w\000a\000\040\000e\000l\000e\000m\000e\000n\000t\000\363\000w\000\040\000d\000y\000n\000a\000m\000i\000k\000i\000\040\000a\000k\000r\000o\000b\000a\000t\000y\000c\000z\000n\000e\000j\000\040\000m\001\031\001\174\000c\000z\000y\000z\000n}{section.6}% 11
\BOOKMARK [2][-]{subsection.6.2}{\376\377\000T\000a\000b\000e\000l\000a\000\040\000p\000u\000n\000k\000t\000o\000w\000a\000\040\000e\000l\000e\000m\000e\000n\000t\000\363\000w\000\040\000d\000y\000n\000a\000m\000i\000k\000i\000\040\000a\000k\000r\000o\000b\000a\000t\000y\000c\000z\000n\000e\000j\000\040\000k\000o\000b\000i\000e\000t}{section.6}% 12
\BOOKMARK [1][-]{section.7}{\376\377\000S\000y\000s\000t\000e\000m\000\040\000K\000a\000r}{}% 13
\BOOKMARK [2][-]{subsection.7.1}{\376\377\000Z\000a\001\102\000o\001\174\000e\000n\000i\000a\000\040\000o\000g\000\363\000l\000n\000e}{section.7}% 14
\BOOKMARK [2][-]{subsection.7.2}{\376\377\000O\000g\000\363\000l\000n\000e\000\040\000b\001\102\001\031\000d\000y\000\040\000t\000e\000c\000h\000n\000i\000c\000z\000n\000e}{section.7}% 15
\BOOKMARK [3][-]{subsubsection.7.2.1}{\376\377\000S\000t\000a\000t\000y\000k\000a\000\040\000i\000\040\000D\000y\000n\000a\000m\000i\000k\000a\000\040\000s\000i\001\102\000o\000w\000a}{subsection.7.2}% 16
\BOOKMARK [3][-]{subsubsection.7.2.2}{\376\377\000A\000k\000r\000o\000b\000a\000t\000y\000k\000a}{subsection.7.2}% 17
\BOOKMARK [2][-]{subsection.7.3}{\376\377\000P\000o\000w\000t\000\363\000r\000z\000e\000n\000i\000a}{section.7}% 18
\BOOKMARK [1][-]{section.8}{\376\377\000S\000y\000s\000t\000e\000m\000\040\000P\000r\000e\000m\000i\000o\000w\000a\000n\000i\000a}{}% 19
\BOOKMARK [2][-]{subsection.8.1}{\376\377\000Z\000a\001\102\000o\001\174\000e\000n\000i\000a\000\040\000o\000g\000\363\000l\000n\000e}{section.8}% 20
\BOOKMARK [2][-]{subsection.8.2}{\376\377\000O\000g\000\363\000l\000n\000e\000\040\000w\000y\000r\000\363\001\174\000n\000i\000e\000n\000i\000a}{section.8}% 21
\BOOKMARK [3][-]{subsubsection.8.2.1}{\376\377\000S\000t\000a\000t\000y\000k\000a\000\040\000i\000\040\000D\000y\000n\000a\000m\000i\000k\000a\000\040\000s\000i\001\102\000o\000w\000a}{subsection.8.2}% 22
\BOOKMARK [2][-]{subsection.8.3}{\376\377\000C\000i\001\005\000g\001\102\000o\001\133\001\007}{section.8}% 23
\BOOKMARK [2][-]{subsection.8.4}{\376\377\000K\000o\000m\000p\000l\000e\000t\000n\000o\001\133\001\007}{section.8}% 24
\BOOKMARK [3][-]{subsubsection.8.4.1}{\376\377\000P\000r\000z\000y\000k\001\102\000a\000d\000o\000w\000e\000\040\000k\000o\000m\000b\000i\000n\000a\000c\000j\000e}{subsection.8.4}% 25
\BOOKMARK [1][-]{section.9}{\376\377\000D\000e\000f\000i\000n\000i\000c\000j\000e}{}% 26
\BOOKMARK [2][-]{subsection.9.1}{\376\377\000D\000e\000f\000i\000n\000i\000c\000j\000e\000\040\000o\000g\000\363\000l\000n\000e}{section.9}% 27
\BOOKMARK [2][-]{subsection.9.2}{\376\377\000D\000e\000f\000i\000n\000i\000c\000j\000e\000\040\000e\000l\000e\000m\000e\000n\000t\000\363\000w\000\040\000s\000t\000a\000t\000y\000c\000z\000n\000y\000c\000h}{section.9}% 28
\BOOKMARK [2][-]{subsection.9.3}{\376\377\000D\000e\000f\000i\000n\000i\000c\000j\000e\000\040\000e\000l\000e\000m\000e\000n\000t\000\363\000w\000\040\000d\000y\000n\000a\000m\000i\000k\000i\000\040\000s\000i\001\102\000o\000w\000e\000j}{section.9}% 29
\BOOKMARK [2][-]{subsection.9.4}{\376\377\000D\000e\000f\000i\000n\000i\000c\000j\000e\000\040\000e\000l\000e\000m\000e\000n\000t\000\363\000w\000\040\000d\000y\000n\000a\000m\000i\000k\000i\000\040\000a\000k\000r\000o\000b\000a\000t\000y\000c\000z\000n\000e\000j}{section.9}% 30
